[1.192s] [34mcolcon[0m [1;30mDEBUG[0m [32mCommand line arguments: ['C:\\Users\\jtyle\\AppData\\Roaming\\MathWorks\\MATLAB\\R2023a\\ros2\\win64\\venv\\Scripts\\colcon', 'build', '--merge-install', '--cmake-args', '-DCMAKE_BUILD_TYPE=Release', '-DBUILD_TESTING=OFF', '-DALIAS_ROS2_TF2=1', '-DCMAKE_CXX_FLAGS_RELEASE=/MD /Od /Ob2 /DNDEBUG', '-G', 'Ninja'][0m
[1.192s] [34mcolcon[0m [1;30mDEBUG[0m [32mParsed command line arguments: Namespace(log_base=None, log_level=None, verb_name='build', build_base='build', install_base='install', merge_install=True, symlink_install=False, test_result_base=None, continue_on_error=False, executor='parallel', parallel_workers=20, event_handlers=None, ignore_user_meta=False, metas=['./colcon.meta'], base_paths=['.'], packages_ignore=None, packages_ignore_regex=None, paths=None, packages_up_to=None, packages_up_to_regex=None, packages_above=None, packages_above_and_dependencies=None, packages_above_depth=None, packages_select_by_dep=None, packages_skip_by_dep=None, packages_skip_up_to=None, packages_select_build_failed=False, packages_skip_build_finished=False, packages_select_test_failures=False, packages_skip_test_passed=False, packages_select=None, packages_skip=None, packages_select_regex=None, packages_skip_regex=None, packages_start=None, packages_end=None, cmake_args=['-DCMAKE_BUILD_TYPE=Release', '-DBUILD_TESTING=OFF', '-DALIAS_ROS2_TF2=1', '-DCMAKE_CXX_FLAGS_RELEASE=/MD /Od /Ob2 /DNDEBUG', '-G', 'Ninja'], cmake_target=None, cmake_target_skip_unavailable=False, cmake_clean_cache=False, cmake_clean_first=False, cmake_force_configure=False, ament_cmake_args=None, catkin_cmake_args=None, catkin_skip_building_tests=False, verb_parser=<colcon_defaults.argument_parser.defaults.DefaultArgumentsDecorator object at 0x000001762D29E1F0>, verb_extension=<colcon_core.verb.build.BuildVerb object at 0x000001762D248280>, main=<bound method BuildVerb.main of <colcon_core.verb.build.BuildVerb object at 0x000001762D248280>>)[0m
[1.230s] [34mcolcon.colcon_core.package_discovery[0m [1;30mLevel 1[0m discover_packages(colcon_meta) check parameters
[1.230s] [34mcolcon.colcon_core.package_discovery[0m [1;30mLevel 1[0m discover_packages(recursive) check parameters
[1.230s] [34mcolcon.colcon_core.package_discovery[0m [1;30mLevel 1[0m discover_packages(ignore) check parameters
[1.230s] [34mcolcon.colcon_core.package_discovery[0m [1;30mLevel 1[0m discover_packages(path) check parameters
[1.230s] [34mcolcon.colcon_core.package_discovery[0m [1;30mLevel 1[0m discover_packages(colcon_meta) discover
[1.230s] [34mcolcon.colcon_core.package_discovery[0m [1;30mLevel 1[0m discover_packages(recursive) discover
[1.230s] [34mcolcon.colcon_core.package_discovery[0m [1;30mINFO[0m Crawling recursively for packages in 'C:\Users\jtyle\OneDrive\Documents\BOOM_WS\matlab\custom\matlab_msg_gen\win64'
[1.230s] [34mcolcon.colcon_core.package_identification[0m [1;30mLevel 1[0m _identify(.) by extensions ['ignore', 'ignore_ament_install']
[1.230s] [34mcolcon.colcon_core.package_identification[0m [1;30mLevel 1[0m _identify(.) by extension 'ignore'
[1.230s] [34mcolcon.colcon_core.package_identification[0m [1;30mLevel 1[0m _identify(.) by extension 'ignore_ament_install'
[1.230s] [34mcolcon.colcon_core.package_identification[0m [1;30mLevel 1[0m _identify(.) by extensions ['colcon_pkg']
[1.230s] [34mcolcon.colcon_core.package_identification[0m [1;30mLevel 1[0m _identify(.) by extension 'colcon_pkg'
[1.230s] [34mcolcon.colcon_core.package_identification[0m [1;30mLevel 1[0m _identify(.) by extensions ['colcon_meta']
[1.230s] [34mcolcon.colcon_core.package_identification[0m [1;30mLevel 1[0m _identify(.) by extension 'colcon_meta'
[1.230s] [34mcolcon.colcon_core.package_identification[0m [1;30mLevel 1[0m _identify(.) by extensions ['ros']
[1.230s] [34mcolcon.colcon_core.package_identification[0m [1;30mLevel 1[0m _identify(.) by extension 'ros'
[1.255s] [34mcolcon.colcon_core.package_identification[0m [1;30mLevel 1[0m _identify(.) by extensions ['cmake', 'python']
[1.255s] [34mcolcon.colcon_core.package_identification[0m [1;30mLevel 1[0m _identify(.) by extension 'cmake'
[1.255s] [34mcolcon.colcon_core.package_identification[0m [1;30mLevel 1[0m _identify(.) by extension 'python'
[1.255s] [34mcolcon.colcon_core.package_identification[0m [1;30mLevel 1[0m _identify(.) by extensions ['python_setup_py']
[1.255s] [34mcolcon.colcon_core.package_identification[0m [1;30mLevel 1[0m _identify(.) by extension 'python_setup_py'
[1.262s] [34mcolcon.colcon_core.package_identification[0m [1;30mLevel 1[0m _identify(build) by extensions ['ignore', 'ignore_ament_install']
[1.262s] [34mcolcon.colcon_core.package_identification[0m [1;30mLevel 1[0m _identify(build) by extension 'ignore'
[1.262s] [34mcolcon.colcon_core.package_identification[0m [1;30mLevel 1[0m _identify(build) ignored
[1.262s] [34mcolcon.colcon_core.package_identification[0m [1;30mLevel 1[0m _identify(install) by extensions ['ignore', 'ignore_ament_install']
[1.262s] [34mcolcon.colcon_core.package_identification[0m [1;30mLevel 1[0m _identify(install) by extension 'ignore'
[1.262s] [34mcolcon.colcon_core.package_identification[0m [1;30mLevel 1[0m _identify(install) ignored
[1.262s] [34mcolcon.colcon_core.package_identification[0m [1;30mLevel 1[0m _identify(log) by extensions ['ignore', 'ignore_ament_install']
[1.262s] [34mcolcon.colcon_core.package_identification[0m [1;30mLevel 1[0m _identify(log) by extension 'ignore'
[1.262s] [34mcolcon.colcon_core.package_identification[0m [1;30mLevel 1[0m _identify(log) ignored
[1.262s] [34mcolcon.colcon_core.package_identification[0m [1;30mLevel 1[0m _identify(src) by extensions ['ignore', 'ignore_ament_install']
[1.262s] [34mcolcon.colcon_core.package_identification[0m [1;30mLevel 1[0m _identify(src) by extension 'ignore'
[1.262s] [34mcolcon.colcon_core.package_identification[0m [1;30mLevel 1[0m _identify(src) by extension 'ignore_ament_install'
[1.262s] [34mcolcon.colcon_core.package_identification[0m [1;30mLevel 1[0m _identify(src) by extensions ['colcon_pkg']
[1.262s] [34mcolcon.colcon_core.package_identification[0m [1;30mLevel 1[0m _identify(src) by extension 'colcon_pkg'
[1.262s] [34mcolcon.colcon_core.package_identification[0m [1;30mLevel 1[0m _identify(src) by extensions ['colcon_meta']
[1.262s] [34mcolcon.colcon_core.package_identification[0m [1;30mLevel 1[0m _identify(src) by extension 'colcon_meta'
[1.262s] [34mcolcon.colcon_core.package_identification[0m [1;30mLevel 1[0m _identify(src) by extensions ['ros']
[1.262s] [34mcolcon.colcon_core.package_identification[0m [1;30mLevel 1[0m _identify(src) by extension 'ros'
[1.262s] [34mcolcon.colcon_core.package_identification[0m [1;30mLevel 1[0m _identify(src) by extensions ['cmake', 'python']
[1.262s] [34mcolcon.colcon_core.package_identification[0m [1;30mLevel 1[0m _identify(src) by extension 'cmake'
[1.262s] [34mcolcon.colcon_core.package_identification[0m [1;30mLevel 1[0m _identify(src) by extension 'python'
[1.262s] [34mcolcon.colcon_core.package_identification[0m [1;30mLevel 1[0m _identify(src) by extensions ['python_setup_py']
[1.262s] [34mcolcon.colcon_core.package_identification[0m [1;30mLevel 1[0m _identify(src) by extension 'python_setup_py'
[1.262s] [34mcolcon.colcon_core.package_identification[0m [1;30mLevel 1[0m _identify(src\starq_interfaces) by extensions ['ignore', 'ignore_ament_install']
[1.262s] [34mcolcon.colcon_core.package_identification[0m [1;30mLevel 1[0m _identify(src\starq_interfaces) by extension 'ignore'
[1.262s] [34mcolcon.colcon_core.package_identification[0m [1;30mLevel 1[0m _identify(src\starq_interfaces) by extension 'ignore_ament_install'
[1.262s] [34mcolcon.colcon_core.package_identification[0m [1;30mLevel 1[0m _identify(src\starq_interfaces) by extensions ['colcon_pkg']
[1.262s] [34mcolcon.colcon_core.package_identification[0m [1;30mLevel 1[0m _identify(src\starq_interfaces) by extension 'colcon_pkg'
[1.262s] [34mcolcon.colcon_core.package_identification[0m [1;30mLevel 1[0m _identify(src\starq_interfaces) by extensions ['colcon_meta']
[1.262s] [34mcolcon.colcon_core.package_identification[0m [1;30mLevel 1[0m _identify(src\starq_interfaces) by extension 'colcon_meta'
[1.262s] [34mcolcon.colcon_core.package_identification[0m [1;30mLevel 1[0m _identify(src\starq_interfaces) by extensions ['ros']
[1.262s] [34mcolcon.colcon_core.package_identification[0m [1;30mLevel 1[0m _identify(src\starq_interfaces) by extension 'ros'
[1.273s] [34mcolcon.colcon_core.package_identification[0m [1;30mDEBUG[0m [32mPackage 'src\starq_interfaces' with type 'ros.ament_cmake' and name 'starq_interfaces'[0m
[1.273s] [34mcolcon.colcon_core.package_discovery[0m [1;30mLevel 1[0m discover_packages(recursive) using defaults
[1.273s] [34mcolcon.colcon_core.package_discovery[0m [1;30mLevel 1[0m discover_packages(ignore) discover
[1.273s] [34mcolcon.colcon_core.package_discovery[0m [1;30mLevel 1[0m discover_packages(ignore) using defaults
[1.273s] [34mcolcon.colcon_core.package_discovery[0m [1;30mLevel 1[0m discover_packages(path) discover
[1.273s] [34mcolcon.colcon_core.package_discovery[0m [1;30mLevel 1[0m discover_packages(path) using defaults
[1.331s] [34mcolcon.colcon_core.verb[0m [1;30mLevel 5[0m set package 'starq_interfaces' build argument 'cmake_args' from command line to '['-DCMAKE_BUILD_TYPE=Release', '-DBUILD_TESTING=OFF', '-DALIAS_ROS2_TF2=1', '-DCMAKE_CXX_FLAGS_RELEASE=/MD /Od /Ob2 /DNDEBUG', '-G', 'Ninja']'
[1.331s] [34mcolcon.colcon_core.verb[0m [1;30mLevel 5[0m set package 'starq_interfaces' build argument 'cmake_target' from command line to 'None'
[1.331s] [34mcolcon.colcon_core.verb[0m [1;30mLevel 5[0m set package 'starq_interfaces' build argument 'cmake_target_skip_unavailable' from command line to 'False'
[1.331s] [34mcolcon.colcon_core.verb[0m [1;30mLevel 5[0m set package 'starq_interfaces' build argument 'cmake_clean_cache' from command line to 'False'
[1.331s] [34mcolcon.colcon_core.verb[0m [1;30mLevel 5[0m set package 'starq_interfaces' build argument 'cmake_clean_first' from command line to 'False'
[1.331s] [34mcolcon.colcon_core.verb[0m [1;30mLevel 5[0m set package 'starq_interfaces' build argument 'cmake_force_configure' from command line to 'False'
[1.331s] [34mcolcon.colcon_core.verb[0m [1;30mLevel 5[0m set package 'starq_interfaces' build argument 'ament_cmake_args' from command line to 'None'
[1.331s] [34mcolcon.colcon_core.verb[0m [1;30mLevel 5[0m set package 'starq_interfaces' build argument 'catkin_cmake_args' from command line to 'None'
[1.331s] [34mcolcon.colcon_core.verb[0m [1;30mLevel 5[0m set package 'starq_interfaces' build argument 'catkin_skip_building_tests' from command line to 'False'
[1.331s] [34mcolcon.colcon_core.verb[0m [1;30mDEBUG[0m [32mBuilding package 'starq_interfaces' with the following arguments: {'ament_cmake_args': None, 'build_base': 'C:\\Users\\jtyle\\OneDrive\\Documents\\BOOM_WS\\matlab\\custom\\matlab_msg_gen\\win64\\build\\starq_interfaces', 'catkin_cmake_args': None, 'catkin_skip_building_tests': False, 'cmake_args': ['-DCMAKE_BUILD_TYPE=Release', '-DBUILD_TESTING=OFF', '-DALIAS_ROS2_TF2=1', '-DCMAKE_CXX_FLAGS_RELEASE=/MD /Od /Ob2 /DNDEBUG', '-G', 'Ninja'], 'cmake_clean_cache': False, 'cmake_clean_first': False, 'cmake_force_configure': False, 'cmake_target': None, 'cmake_target_skip_unavailable': False, 'install_base': 'C:\\Users\\jtyle\\OneDrive\\Documents\\BOOM_WS\\matlab\\custom\\matlab_msg_gen\\win64\\install', 'merge_install': True, 'path': 'C:\\Users\\jtyle\\OneDrive\\Documents\\BOOM_WS\\matlab\\custom\\matlab_msg_gen\\win64\\src\\starq_interfaces', 'symlink_install': False, 'test_result_base': None}[0m
[1.346s] [34mcolcon.colcon_core.executor[0m [1;30mINFO[0m Executing jobs using 'parallel' executor
[1.378s] [34mcolcon.colcon_parallel_executor.executor.parallel[0m [1;30mDEBUG[0m [32mrun_until_complete[0m
[1.378s] [34mcolcon.colcon_ros.task.ament_cmake.build[0m [1;30mINFO[0m Building ROS package in 'C:\Users\jtyle\OneDrive\Documents\BOOM_WS\matlab\custom\matlab_msg_gen\win64\src\starq_interfaces' with build type 'ament_cmake'
[1.378s] [34mcolcon.colcon_cmake.task.cmake.build[0m [1;30mINFO[0m Building CMake package in 'C:\Users\jtyle\OneDrive\Documents\BOOM_WS\matlab\custom\matlab_msg_gen\win64\src\starq_interfaces'
[1.399s] [34mcolcon.colcon_core.plugin_system[0m [1;30mINFO[0m Skipping extension 'colcon_core.shell.sh': Not used on Windows systems
[1.402s] [34mcolcon.colcon_core.shell[0m [1;30mINFO[0m Skip shell extension 'powershell' for command environment: Not usable outside of PowerShell
[1.457s] [34mcolcon.colcon_core.event_handler.log_command[0m [1;30mDEBUG[0m [32mInvoking command in 'C:\Users\jtyle\OneDrive\Documents\BOOM_WS\matlab\custom\matlab_msg_gen\win64\build\starq_interfaces': C:\Program Files\MATLAB\R2023a\bin\win64\cmake\bin\cmake.EXE C:\Users\jtyle\OneDrive\Documents\BOOM_WS\matlab\custom\matlab_msg_gen\win64\src\starq_interfaces -DCMAKE_BUILD_TYPE=Release -DBUILD_TESTING=OFF -DALIAS_ROS2_TF2=1 -DCMAKE_CXX_FLAGS_RELEASE=/MD /Od /Ob2 /DNDEBUG -G Ninja -DCMAKE_INSTALL_PREFIX=C:\Users\jtyle\OneDrive\Documents\BOOM_WS\matlab\custom\matlab_msg_gen\win64\install[0m
[16.184s] [34mcolcon.colcon_core.event_handler.log_command[0m [1;30mDEBUG[0m [32mInvoked command in 'C:\Users\jtyle\OneDrive\Documents\BOOM_WS\matlab\custom\matlab_msg_gen\win64\build\starq_interfaces' returned '0': C:\Program Files\MATLAB\R2023a\bin\win64\cmake\bin\cmake.EXE C:\Users\jtyle\OneDrive\Documents\BOOM_WS\matlab\custom\matlab_msg_gen\win64\src\starq_interfaces -DCMAKE_BUILD_TYPE=Release -DBUILD_TESTING=OFF -DALIAS_ROS2_TF2=1 -DCMAKE_CXX_FLAGS_RELEASE=/MD /Od /Ob2 /DNDEBUG -G Ninja -DCMAKE_INSTALL_PREFIX=C:\Users\jtyle\OneDrive\Documents\BOOM_WS\matlab\custom\matlab_msg_gen\win64\install[0m
[16.184s] [34mcolcon.colcon_core.event_handler.log_command[0m [1;30mDEBUG[0m [32mInvoking command in 'C:\Users\jtyle\OneDrive\Documents\BOOM_WS\matlab\custom\matlab_msg_gen\win64\build\starq_interfaces': C:\Program Files\MATLAB\R2023a\bin\win64\cmake\bin\cmake.EXE --build C:\Users\jtyle\OneDrive\Documents\BOOM_WS\matlab\custom\matlab_msg_gen\win64\build\starq_interfaces -- -j20 -l20[0m
[54.269s] [34mcolcon.colcon_core.event_handler.log_command[0m [1;30mDEBUG[0m [32mInvoked command in 'C:\Users\jtyle\OneDrive\Documents\BOOM_WS\matlab\custom\matlab_msg_gen\win64\build\starq_interfaces' returned '0': C:\Program Files\MATLAB\R2023a\bin\win64\cmake\bin\cmake.EXE --build C:\Users\jtyle\OneDrive\Documents\BOOM_WS\matlab\custom\matlab_msg_gen\win64\build\starq_interfaces -- -j20 -l20[0m
[54.564s] [34mcolcon.colcon_core.event_handler.log_command[0m [1;30mDEBUG[0m [32mInvoking command in 'C:\Users\jtyle\OneDrive\Documents\BOOM_WS\matlab\custom\matlab_msg_gen\win64\build\starq_interfaces': C:\Program Files\MATLAB\R2023a\bin\win64\cmake\bin\cmake.EXE --install C:\Users\jtyle\OneDrive\Documents\BOOM_WS\matlab\custom\matlab_msg_gen\win64\build\starq_interfaces[0m
[57.961s] [34mcolcon.colcon_core.environment[0m [1;30mLevel 1[0m create_environment_scripts_only(starq_interfaces)
[57.961s] [34mcolcon.colcon_core.event_handler.log_command[0m [1;30mDEBUG[0m [32mInvoked command in 'C:\Users\jtyle\OneDrive\Documents\BOOM_WS\matlab\custom\matlab_msg_gen\win64\build\starq_interfaces' returned '0': C:\Program Files\MATLAB\R2023a\bin\win64\cmake\bin\cmake.EXE --install C:\Users\jtyle\OneDrive\Documents\BOOM_WS\matlab\custom\matlab_msg_gen\win64\build\starq_interfaces[0m
[57.988s] [34mcolcon.colcon_core.environment[0m [1;30mLevel 1[0m checking 'C:\Users\jtyle\OneDrive\Documents\BOOM_WS\matlab\custom\matlab_msg_gen\win64\install' for CMake module files
[57.992s] [34mcolcon.colcon_core.environment[0m [1;30mLevel 1[0m checking 'C:\Users\jtyle\OneDrive\Documents\BOOM_WS\matlab\custom\matlab_msg_gen\win64\install' for CMake config files
[57.998s] [34mcolcon.colcon_core.shell[0m [1;30mLevel 1[0m create_environment_hook('starq_interfaces', 'cmake_prefix_path')
[58.004s] [34mcolcon.colcon_core.shell[0m [1;30mINFO[0m Creating environment hook 'C:\Users\jtyle\OneDrive\Documents\BOOM_WS\matlab\custom\matlab_msg_gen\win64\install\share\starq_interfaces\hook\cmake_prefix_path.ps1'
[58.006s] [34mcolcon.colcon_core.shell[0m [1;30mINFO[0m Creating environment hook 'C:\Users\jtyle\OneDrive\Documents\BOOM_WS\matlab\custom\matlab_msg_gen\win64\install\share\starq_interfaces\hook\cmake_prefix_path.bat'
[58.008s] [34mcolcon.colcon_core.shell[0m [1;30mINFO[0m Creating environment descriptor 'C:\Users\jtyle\OneDrive\Documents\BOOM_WS\matlab\custom\matlab_msg_gen\win64\install\share\starq_interfaces\hook\cmake_prefix_path.dsv'
[58.009s] [34mcolcon.colcon_core.environment[0m [1;30mLevel 1[0m checking 'C:\Users\jtyle\OneDrive\Documents\BOOM_WS\matlab\custom\matlab_msg_gen\win64\install\bin'
[58.010s] [34mcolcon.colcon_core.shell[0m [1;30mLevel 1[0m create_environment_hook('starq_interfaces', 'path_dll')
[58.015s] [34mcolcon.colcon_core.shell[0m [1;30mINFO[0m Creating environment hook 'C:\Users\jtyle\OneDrive\Documents\BOOM_WS\matlab\custom\matlab_msg_gen\win64\install\share\starq_interfaces\hook\path_dll.ps1'
[58.016s] [34mcolcon.colcon_core.shell[0m [1;30mINFO[0m Creating environment hook 'C:\Users\jtyle\OneDrive\Documents\BOOM_WS\matlab\custom\matlab_msg_gen\win64\install\share\starq_interfaces\hook\path_dll.bat'
[58.018s] [34mcolcon.colcon_core.shell[0m [1;30mINFO[0m Creating environment descriptor 'C:\Users\jtyle\OneDrive\Documents\BOOM_WS\matlab\custom\matlab_msg_gen\win64\install\share\starq_interfaces\hook\path_dll.dsv'
[58.019s] [34mcolcon.colcon_core.environment[0m [1;30mLevel 1[0m checking 'C:\Users\jtyle\OneDrive\Documents\BOOM_WS\matlab\custom\matlab_msg_gen\win64\install\bin'
[58.019s] [34mcolcon.colcon_core.shell[0m [1;30mLevel 1[0m create_environment_hook('starq_interfaces', 'path')
[58.024s] [34mcolcon.colcon_core.shell[0m [1;30mINFO[0m Creating environment hook 'C:\Users\jtyle\OneDrive\Documents\BOOM_WS\matlab\custom\matlab_msg_gen\win64\install\share\starq_interfaces\hook\path.ps1'
[58.026s] [34mcolcon.colcon_core.shell[0m [1;30mINFO[0m Creating environment hook 'C:\Users\jtyle\OneDrive\Documents\BOOM_WS\matlab\custom\matlab_msg_gen\win64\install\share\starq_interfaces\hook\path.bat'
[58.028s] [34mcolcon.colcon_core.shell[0m [1;30mINFO[0m Creating environment descriptor 'C:\Users\jtyle\OneDrive\Documents\BOOM_WS\matlab\custom\matlab_msg_gen\win64\install\share\starq_interfaces\hook\path.dsv'
[58.029s] [34mcolcon.colcon_core.environment[0m [1;30mLevel 1[0m checking 'C:\Users\jtyle\OneDrive\Documents\BOOM_WS\matlab\custom\matlab_msg_gen\win64\install\Scripts'
[58.029s] [34mcolcon.colcon_core.environment[0m [1;30mLevel 1[0m checking 'C:\Users\jtyle\OneDrive\Documents\BOOM_WS\matlab\custom\matlab_msg_gen\win64\install\lib\pkgconfig\starq_interfaces.pc'
[58.030s] [34mcolcon.colcon_core.environment[0m [1;30mLevel 1[0m checking 'C:\Users\jtyle\OneDrive\Documents\BOOM_WS\matlab\custom\matlab_msg_gen\win64\install\Lib\site-packages'
[58.035s] [34mcolcon.colcon_core.shell[0m [1;30mINFO[0m Creating package script 'C:\Users\jtyle\OneDrive\Documents\BOOM_WS\matlab\custom\matlab_msg_gen\win64\install\share\starq_interfaces\package.ps1'
[58.035s] [34mcolcon.colcon_core.shell[0m [1;30mINFO[0m Creating package script 'C:\Users\jtyle\OneDrive\Documents\BOOM_WS\matlab\custom\matlab_msg_gen\win64\install\share\starq_interfaces\package.bat'
[58.035s] [34mcolcon.colcon_core.shell[0m [1;30mINFO[0m Creating package descriptor 'C:\Users\jtyle\OneDrive\Documents\BOOM_WS\matlab\custom\matlab_msg_gen\win64\install\share\starq_interfaces\package.dsv'
[58.035s] [34mcolcon.colcon_core.environment[0m [1;30mLevel 1[0m create_file_with_runtime_dependencies(C:\Users\jtyle\OneDrive\Documents\BOOM_WS\matlab\custom\matlab_msg_gen\win64\install\share\colcon-core\packages\starq_interfaces)
[58.161s] [34mcolcon.colcon_core.environment[0m [1;30mLevel 1[0m create_environment_scripts_only(starq_interfaces)
[58.161s] [34mcolcon.colcon_core.environment[0m [1;30mLevel 1[0m checking 'C:\Users\jtyle\OneDrive\Documents\BOOM_WS\matlab\custom\matlab_msg_gen\win64\install' for CMake module files
[58.161s] [34mcolcon.colcon_core.environment[0m [1;30mLevel 1[0m checking 'C:\Users\jtyle\OneDrive\Documents\BOOM_WS\matlab\custom\matlab_msg_gen\win64\install' for CMake config files
[58.177s] [34mcolcon.colcon_core.shell[0m [1;30mLevel 1[0m create_environment_hook('starq_interfaces', 'cmake_prefix_path')
[58.177s] [34mcolcon.colcon_core.shell[0m [1;30mINFO[0m Creating environment hook 'C:\Users\jtyle\OneDrive\Documents\BOOM_WS\matlab\custom\matlab_msg_gen\win64\install\share\starq_interfaces\hook\cmake_prefix_path.ps1'
[58.177s] [34mcolcon.colcon_core.shell[0m [1;30mINFO[0m Creating environment hook 'C:\Users\jtyle\OneDrive\Documents\BOOM_WS\matlab\custom\matlab_msg_gen\win64\install\share\starq_interfaces\hook\cmake_prefix_path.bat'
[58.177s] [34mcolcon.colcon_core.shell[0m [1;30mINFO[0m Creating environment descriptor 'C:\Users\jtyle\OneDrive\Documents\BOOM_WS\matlab\custom\matlab_msg_gen\win64\install\share\starq_interfaces\hook\cmake_prefix_path.dsv'
[58.177s] [34mcolcon.colcon_core.environment[0m [1;30mLevel 1[0m checking 'C:\Users\jtyle\OneDrive\Documents\BOOM_WS\matlab\custom\matlab_msg_gen\win64\install\bin'
[58.177s] [34mcolcon.colcon_core.shell[0m [1;30mLevel 1[0m create_environment_hook('starq_interfaces', 'path_dll')
[58.192s] [34mcolcon.colcon_core.shell[0m [1;30mINFO[0m Creating environment hook 'C:\Users\jtyle\OneDrive\Documents\BOOM_WS\matlab\custom\matlab_msg_gen\win64\install\share\starq_interfaces\hook\path_dll.ps1'
[58.192s] [34mcolcon.colcon_core.shell[0m [1;30mINFO[0m Creating environment hook 'C:\Users\jtyle\OneDrive\Documents\BOOM_WS\matlab\custom\matlab_msg_gen\win64\install\share\starq_interfaces\hook\path_dll.bat'
[58.192s] [34mcolcon.colcon_core.shell[0m [1;30mINFO[0m Creating environment descriptor 'C:\Users\jtyle\OneDrive\Documents\BOOM_WS\matlab\custom\matlab_msg_gen\win64\install\share\starq_interfaces\hook\path_dll.dsv'
[58.192s] [34mcolcon.colcon_core.environment[0m [1;30mLevel 1[0m checking 'C:\Users\jtyle\OneDrive\Documents\BOOM_WS\matlab\custom\matlab_msg_gen\win64\install\bin'
[58.192s] [34mcolcon.colcon_core.shell[0m [1;30mLevel 1[0m create_environment_hook('starq_interfaces', 'path')
[58.192s] [34mcolcon.colcon_core.shell[0m [1;30mINFO[0m Creating environment hook 'C:\Users\jtyle\OneDrive\Documents\BOOM_WS\matlab\custom\matlab_msg_gen\win64\install\share\starq_interfaces\hook\path.ps1'
[58.192s] [34mcolcon.colcon_core.shell[0m [1;30mINFO[0m Creating environment hook 'C:\Users\jtyle\OneDrive\Documents\BOOM_WS\matlab\custom\matlab_msg_gen\win64\install\share\starq_interfaces\hook\path.bat'
[58.192s] [34mcolcon.colcon_core.shell[0m [1;30mINFO[0m Creating environment descriptor 'C:\Users\jtyle\OneDrive\Documents\BOOM_WS\matlab\custom\matlab_msg_gen\win64\install\share\starq_interfaces\hook\path.dsv'
[58.192s] [34mcolcon.colcon_core.environment[0m [1;30mLevel 1[0m checking 'C:\Users\jtyle\OneDrive\Documents\BOOM_WS\matlab\custom\matlab_msg_gen\win64\install\Scripts'
[58.192s] [34mcolcon.colcon_core.environment[0m [1;30mLevel 1[0m checking 'C:\Users\jtyle\OneDrive\Documents\BOOM_WS\matlab\custom\matlab_msg_gen\win64\install\lib\pkgconfig\starq_interfaces.pc'
[58.192s] [34mcolcon.colcon_core.environment[0m [1;30mLevel 1[0m checking 'C:\Users\jtyle\OneDrive\Documents\BOOM_WS\matlab\custom\matlab_msg_gen\win64\install\Lib\site-packages'
[58.208s] [34mcolcon.colcon_core.shell[0m [1;30mINFO[0m Creating package script 'C:\Users\jtyle\OneDrive\Documents\BOOM_WS\matlab\custom\matlab_msg_gen\win64\install\share\starq_interfaces\package.ps1'
[58.208s] [34mcolcon.colcon_core.shell[0m [1;30mINFO[0m Creating package script 'C:\Users\jtyle\OneDrive\Documents\BOOM_WS\matlab\custom\matlab_msg_gen\win64\install\share\starq_interfaces\package.bat'
[58.208s] [34mcolcon.colcon_core.shell[0m [1;30mINFO[0m Creating package descriptor 'C:\Users\jtyle\OneDrive\Documents\BOOM_WS\matlab\custom\matlab_msg_gen\win64\install\share\starq_interfaces\package.dsv'
[58.208s] [34mcolcon.colcon_core.environment[0m [1;30mLevel 1[0m create_file_with_runtime_dependencies(C:\Users\jtyle\OneDrive\Documents\BOOM_WS\matlab\custom\matlab_msg_gen\win64\install\share\colcon-core\packages\starq_interfaces)
[58.208s] [34mcolcon.colcon_parallel_executor.executor.parallel[0m [1;30mDEBUG[0m [32mrun_until_complete finished with '0'[0m
[58.208s] [34mcolcon.colcon_core.event_reactor[0m [1;30mDEBUG[0m [32mjoining thread[0m
[58.224s] [34mcolcon.colcon_core.plugin_system[0m [1;30mINFO[0m Skipping extension 'colcon_notification.desktop_notification.notify2': 'notify2' not found
[58.224s] [34mcolcon.colcon_core.plugin_system[0m [1;30mINFO[0m Skipping extension 'colcon_notification.desktop_notification.notify_send': Not used on non-Linux systems
[58.224s] [34mcolcon.colcon_core.plugin_system[0m [1;30mINFO[0m Skipping extension 'colcon_notification.desktop_notification.terminal_notifier': Not used on non-Darwin systems
[58.224s] [34mcolcon.colcon_notification.desktop_notification[0m [1;30mINFO[0m Sending desktop notification using 'win32'
[63.301s] [34mcolcon.colcon_core.event_reactor[0m [1;30mDEBUG[0m [32mjoined thread[0m
[63.308s] [34mcolcon.colcon_core.shell[0m [1;30mINFO[0m Creating prefix script 'C:\Users\jtyle\OneDrive\Documents\BOOM_WS\matlab\custom\matlab_msg_gen\win64\install\local_setup.ps1'
[63.312s] [34mcolcon.colcon_core.shell[0m [1;30mINFO[0m Creating prefix util module 'C:\Users\jtyle\OneDrive\Documents\BOOM_WS\matlab\custom\matlab_msg_gen\win64\install\_local_setup_util_ps1.py'
[63.314s] [34mcolcon.colcon_core.shell[0m [1;30mINFO[0m Creating prefix chain script 'C:\Users\jtyle\OneDrive\Documents\BOOM_WS\matlab\custom\matlab_msg_gen\win64\install\setup.ps1'
[63.321s] [34mcolcon.colcon_core.shell[0m [1;30mINFO[0m Creating prefix script 'C:\Users\jtyle\OneDrive\Documents\BOOM_WS\matlab\custom\matlab_msg_gen\win64\install\local_setup.bat'
[63.324s] [34mcolcon.colcon_core.shell[0m [1;30mINFO[0m Creating prefix util module 'C:\Users\jtyle\OneDrive\Documents\BOOM_WS\matlab\custom\matlab_msg_gen\win64\install\_local_setup_util_bat.py'
[63.324s] [34mcolcon.colcon_core.shell[0m [1;30mINFO[0m Creating prefix chain script 'C:\Users\jtyle\OneDrive\Documents\BOOM_WS\matlab\custom\matlab_msg_gen\win64\install\setup.bat'
